[     463ms] [WARNING] "shadow*" style props are deprecated. Use "boxShadow". @ http://localhost:8081/node_modules/expo-router/entry.bundle?platform=web&dev=true&hot=false&lazy=true&transform.routerRoot=app&transform.reactCompiler=true:7236
[     783ms] [WARNING] Clerk: Clerk has been loaded with development keys. Development instances have strict usage limits and should not be used when deploying your application to production. Learn more: https://clerk.com/docs/deployments/overview @ https://neat-whippet-99.clerk.accounts.dev/npm/@clerk/clerk-js@5/dist/clerk.browser.js:18
[    1252ms] [ERROR] Access to fetch at 'https://clerk-telemetry.com/v1/event' from origin 'http://localhost:8081' has been blocked by CORS policy: No 'Access-Control-Allow-Origin' header is present on the requested resource. @ http://localhost:8081/login:0
[    1252ms] [ERROR] Failed to load resource: net::ERR_FAILED @ https://clerk-telemetry.com/v1/event:0
[  107844ms] [WARNING] props.pointerEvents is deprecated. Use style.pointerEvents @ http://localhost:8081/node_modules/expo-router/entry.bundle?platform=web&dev=true&hot=false&lazy=true&transform.routerRoot=app&transform.reactCompiler=true:7236
[  107900ms] [ERROR] Cannot initialize Smart CAPTCHA widget because the `clerk-captcha` DOM element was not found; falling back to Invisible CAPTCHA widget. If you are using a custom flow, visit https://clerk.com/docs/guides/development/custom-flows/bot-sign-up-protection for instructions @ http://localhost:8081/node_modules/expo-router/entry.bundle?platform=web&dev=true&hot=false&lazy=true&transform.routerRoot=app&transform.reactCompiler=true:1120
[  108986ms] [ERROR] Failed to load resource: the server responded with a status of 401 () @ https://challenges.cloudflare.com/cdn-cgi/challenge-platform/h/g/pat/9da73600fc8e72cf/1773197000012/ebf27521f25c6e7eec13e9086ef89c230086476d9462d92f679a5c042c8088c6/zqH4FwbSQgkbHrg:0
[  109000ms] [ERROR]  Note that 'script-src' was not explicitly set, so 'default-src' is used as a fallback. @ https://challenges.cloudflare.com/cdn-cgi/challenge-platform/h/g/turnstile/f/ov2/av0/rch/4m079/0x4AAAAAAAFV93qQdS0ycilX/auto/fbE/new/normal?lang=auto:0
[  109148ms] [ERROR] %c%d font-size:0;color:transparent NaN @ https://challenges.cloudflare.com/cdn-cgi/challenge-platform/h/g/turnstile/f/ov2/av0/rch/4m079/0x4AAAAAAAFV93qQdS0ycilX/auto/fbE/new/normal?lang=auto:0
[  109148ms] [ERROR] %c%d font-size:0;color:transparent NaN @ https://challenges.cloudflare.com/cdn-cgi/challenge-platform/h/g/turnstile/f/ov2/av0/rch/4m079/0x4AAAAAAAFV93qQdS0ycilX/auto/fbE/new/normal?lang=auto:0
[  109149ms] [WARNING] %c%d font-size:0;color:transparent NaN @ https://challenges.cloudflare.com/cdn-cgi/challenge-platform/h/g/turnstile/f/ov2/av0/rch/4m079/0x4AAAAAAAFV93qQdS0ycilX/auto/fbE/new/normal?lang=auto:0
[  109149ms] [WARNING] %c%d font-size:0;color:transparent NaN @ https://challenges.cloudflare.com/cdn-cgi/challenge-platform/h/g/turnstile/f/ov2/av0/rch/4m079/0x4AAAAAAAFV93qQdS0ycilX/auto/fbE/new/normal?lang=auto:0
[  110285ms] [ERROR] Failed to load resource: the server responded with a status of 422 () @ https://neat-whippet-99.clerk.accounts.dev/v1/client/sign_ups?__clerk_api_version=2025-11-10&_clerk_js_version=5.125.4&__clerk_db_jwt=dvb_3AmTktwIynUjReX6IVvDPXcqPjx:0
[  170820ms] [ERROR] Cannot initialize Smart CAPTCHA widget because the `clerk-captcha` DOM element was not found; falling back to Invisible CAPTCHA widget. If you are using a custom flow, visit https://clerk.com/docs/guides/development/custom-flows/bot-sign-up-protection for instructions @ http://localhost:8081/node_modules/expo-router/entry.bundle?platform=web&dev=true&hot=false&lazy=true&transform.routerRoot=app&transform.reactCompiler=true:1120
[  171278ms] [ERROR]  Note that 'script-src' was not explicitly set, so 'default-src' is used as a fallback. @ https://challenges.cloudflare.com/cdn-cgi/challenge-platform/h/g/turnstile/f/ov2/av0/rch/5calv/0x4AAAAAAAFV93qQdS0ycilX/auto/fbE/new/normal?lang=auto:0
[  171422ms] [ERROR] %c%d font-size:0;color:transparent NaN @ https://challenges.cloudflare.com/cdn-cgi/challenge-platform/h/g/turnstile/f/ov2/av0/rch/5calv/0x4AAAAAAAFV93qQdS0ycilX/auto/fbE/new/normal?lang=auto:0
[  171422ms] [ERROR] %c%d font-size:0;color:transparent NaN @ https://challenges.cloudflare.com/cdn-cgi/challenge-platform/h/g/turnstile/f/ov2/av0/rch/5calv/0x4AAAAAAAFV93qQdS0ycilX/auto/fbE/new/normal?lang=auto:0
[  171423ms] [WARNING] %c%d font-size:0;color:transparent NaN @ https://challenges.cloudflare.com/cdn-cgi/challenge-platform/h/g/turnstile/f/ov2/av0/rch/5calv/0x4AAAAAAAFV93qQdS0ycilX/auto/fbE/new/normal?lang=auto:0
[  171423ms] [WARNING] %c%d font-size:0;color:transparent NaN @ https://challenges.cloudflare.com/cdn-cgi/challenge-platform/h/g/turnstile/f/ov2/av0/rch/5calv/0x4AAAAAAAFV93qQdS0ycilX/auto/fbE/new/normal?lang=auto:0
[  171509ms] [ERROR] Failed to load resource: the server responded with a status of 401 () @ https://challenges.cloudflare.com/cdn-cgi/challenge-platform/h/g/pat/9da7378a3a2b72cf/1773197062951/f1950385c5fe3398e19b6746d5c1a36ff003f7ab4eddf3e2d2e7faa250cad306/NqNNhf-rFt8P_zY:0
