[     783ms] [WARNING] "shadow*" style props are deprecated. Use "boxShadow". @ http://localhost:8081/node_modules/expo-router/entry.bundle?platform=web&dev=true&hot=false&lazy=true&transform.routerRoot=app&transform.reactCompiler=true:7236
[    1002ms] [WARNING] Clerk: Clerk has been loaded with development keys. Development instances have strict usage limits and should not be used when deploying your application to production. Learn more: https://clerk.com/docs/deployments/overview @ https://neat-whippet-99.clerk.accounts.dev/npm/@clerk/clerk-js@5/dist/clerk.browser.js:18
[    2187ms] [WARNING] props.pointerEvents is deprecated. Use style.pointerEvents @ http://localhost:8081/node_modules/expo-router/entry.bundle?platform=web&dev=true&hot=false&lazy=true&transform.routerRoot=app&transform.reactCompiler=true:7236
[    2198ms] [WARNING] Animated: `useNativeDriver` is not supported because the native animated module is missing. Falling back to JS-based animation. To resolve this, add `RCTAnimation` module to this app, or remove `useNativeDriver`. Make sure to run `bundle exec pod install` first. Read more about autolinking: https://github.com/react-native-community/cli/blob/master/docs/autolinking.md @ http://localhost:8081/node_modules/expo-router/entry.bundle?platform=web&dev=true&hot=false&lazy=true&transform.routerRoot=app&transform.reactCompiler=true:21529
[    2974ms] [ERROR] Failed to load resource: the server responded with a status of 404 (Not Found) @ http://localhost:3000/api/posts/a21bf2c6-d72d-436a-bb22-91a7875c6ccc/recipe:0
[   65879ms] [ERROR] Failed to load resource: the server responded with a status of 401 (Unauthorized) @ http://localhost:3000/api/profiles/me:0
[   65881ms] [ERROR] Failed to load profile: Error: Invalid or expired token.
    at fetchMyProfile (http://localhost:8081/node_modules/expo-router/entry.bundle?platform=web&dev=true&hot=false&lazy=true&transform.routerRoot=app&transform.reactCompiler=true:117394:13)
    at async http://localhost:8081/node_modules/expo-router/entry.bundle?platform=web&dev=true&hot=false&lazy=true&transform.routerRoot=app&transform.reactCompiler=true:121333:22 @ http://localhost:8081/node_modules/expo-router/entry.bundle?platform=web&dev=true&hot=false&lazy=true&transform.routerRoot=app&transform.reactCompiler=true:1120
[  171035ms] [ERROR] Failed to load resource: the server responded with a status of 401 (Unauthorized) @ http://localhost:3000/api/profiles/me:0
[  171038ms] [ERROR] Failed to load resource: the server responded with a status of 401 (Unauthorized) @ http://localhost:3000/api/roles/me:0
[  171038ms] [ERROR] Failed to load profile: Error: Missing or invalid Authorization header.
    at fetchMyProfile (http://localhost:8081/services/api.bundle//&platform=web&dev=true&hot=false&lazy=true&transform.routerRoot=app&transform.reactCompiler=true&minify=false&modulesOnly=true&runModule=false&shallow=true:266:13)
    at async http://localhost:8081/node_modules/expo-router/entry.bundle?platform=web&dev=true&hot=false&lazy=true&transform.routerRoot=app&transform.reactCompiler=true:121333:22 @ http://localhost:8081/node_modules/expo-router/entry.bundle?platform=web&dev=true&hot=false&lazy=true&transform.routerRoot=app&transform.reactCompiler=true:1120
[  171042ms] [ERROR] Failed to load resource: the server responded with a status of 401 (Unauthorized) @ http://localhost:3000/api/profiles/me:0
[  171044ms] [ERROR] [AuthContext] Profile fetch failed: Error: Missing or invalid Authorization header.
    at fetchMyProfile (http://localhost:8081/services/api.bundle//&platform=web&dev=true&hot=false&lazy=true&transform.routerRoot=app&transform.reactCompiler=true&minify=false&modulesOnly=true&runModule=false&shallow=true:266:13)
    at async syncUser (http://localhost:8081/node_modules/expo-router/entry.bundle?platform=web&dev=true&hot=false&lazy=true&transform.routerRoot=app&transform.reactCompiler=true:117639:27) @ http://localhost:8081/node_modules/expo-router/entry.bundle?platform=web&dev=true&hot=false&lazy=true&transform.routerRoot=app&transform.reactCompiler=true:1120
[  208493ms] [ERROR] Failed to load resource: the server responded with a status of 401 (Unauthorized) @ http://localhost:3000/api/profiles/me:0
[  208494ms] [ERROR] Failed to load profile: Error: Missing or invalid Authorization header.
    at fetchMyProfile (http://localhost:8081/services/api.bundle//&platform=web&dev=true&hot=false&lazy=true&transform.routerRoot=app&transform.reactCompiler=true&minify=false&modulesOnly=true&runModule=false&shallow=true:266:13)
    at async http://localhost:8081/node_modules/expo-router/entry.bundle?platform=web&dev=true&hot=false&lazy=true&transform.routerRoot=app&transform.reactCompiler=true:121333:22 @ http://localhost:8081/node_modules/expo-router/entry.bundle?platform=web&dev=true&hot=false&lazy=true&transform.routerRoot=app&transform.reactCompiler=true:1120
[  218760ms] [ERROR] Failed to load resource: the server responded with a status of 401 (Unauthorized) @ http://localhost:3000/api/profiles/me:0
[  218760ms] [ERROR] Failed to load profile: Error: Missing or invalid Authorization header.
    at fetchMyProfile (http://localhost:8081/services/api.bundle//&platform=web&dev=true&hot=false&lazy=true&transform.routerRoot=app&transform.reactCompiler=true&minify=false&modulesOnly=true&runModule=false&shallow=true:266:13)
    at async http://localhost:8081/node_modules/expo-router/entry.bundle?platform=web&dev=true&hot=false&lazy=true&transform.routerRoot=app&transform.reactCompiler=true:121333:22 @ http://localhost:8081/node_modules/expo-router/entry.bundle?platform=web&dev=true&hot=false&lazy=true&transform.routerRoot=app&transform.reactCompiler=true:1120
[  240089ms] [ERROR] Failed to load resource: the server responded with a status of 401 (Unauthorized) @ http://localhost:3000/api/profiles/me:0
[  240090ms] [ERROR] Failed to load profile: Error: Missing or invalid Authorization header.
    at fetchMyProfile (http://localhost:8081/services/api.bundle//&platform=web&dev=true&hot=false&lazy=true&transform.routerRoot=app&transform.reactCompiler=true&minify=false&modulesOnly=true&runModule=false&shallow=true:266:13)
    at async http://localhost:8081/node_modules/expo-router/entry.bundle?platform=web&dev=true&hot=false&lazy=true&transform.routerRoot=app&transform.reactCompiler=true:121333:22 @ http://localhost:8081/node_modules/expo-router/entry.bundle?platform=web&dev=true&hot=false&lazy=true&transform.routerRoot=app&transform.reactCompiler=true:1120
